[2021-10-03 06:34:33,112] {taskinstance.py:903} INFO - Dependencies all met for <TaskInstance: dag1.check_transaction_data_integrity 2021-10-01T00:15:00+00:00 [queued]>
[2021-10-03 06:34:34,182] {taskinstance.py:903} INFO - Dependencies all met for <TaskInstance: dag1.check_transaction_data_integrity 2021-10-01T00:15:00+00:00 [queued]>
[2021-10-03 06:34:34,195] {taskinstance.py:1095} INFO - 
--------------------------------------------------------------------------------
[2021-10-03 06:34:34,203] {taskinstance.py:1096} INFO - Starting attempt 1 of 1
[2021-10-03 06:34:34,211] {taskinstance.py:1097} INFO - 
--------------------------------------------------------------------------------
[2021-10-03 06:34:34,656] {taskinstance.py:1115} INFO - Executing <Task(PythonOperator): check_transaction_data_integrity> on 2021-10-01T00:15:00+00:00
[2021-10-03 06:34:35,025] {standard_task_runner.py:76} INFO - Running: ['***', 'tasks', 'run', 'dag1', 'check_transaction_data_integrity', '2021-10-01T00:15:00+00:00', '--job-id', '26', '--pool', 'default_pool', '--raw', '--subdir', 'DAGS_FOLDER/upload_file_to_staging.py', '--cfg-path', '/tmp/tmpbkkdlyoe', '--error-file', '/tmp/tmp68p3lnbe']
[2021-10-03 06:34:35,116] {standard_task_runner.py:77} INFO - Job 26: Subtask check_transaction_data_integrity
[2021-10-03 06:34:34,834] {standard_task_runner.py:52} INFO - Started process 756 to run task
[2021-10-03 06:34:36,857] {logging_mixin.py:109} INFO - Running <TaskInstance: dag1.check_transaction_data_integrity 2021-10-01T00:15:00+00:00 [running]> on host 405455ff482b
[2021-10-03 06:34:39,863] {taskinstance.py:1254} INFO - Exporting the following env vars:
AIRFLOW_CTX_DAG_EMAIL=mrk.jse@gmail.com
AIRFLOW_CTX_DAG_OWNER=***
AIRFLOW_CTX_DAG_ID=dag1
AIRFLOW_CTX_TASK_ID=check_transaction_data_integrity
AIRFLOW_CTX_EXECUTION_DATE=2021-10-01T00:15:00+00:00
AIRFLOW_CTX_DAG_RUN_ID=scheduled__2021-10-01T00:15:00+00:00
[2021-10-03 06:34:40,114] {python.py:151} INFO - Done. Returned value was: True
[2021-10-03 06:34:41,297] {taskinstance.py:1219} INFO - Marking task as SUCCESS. dag_id=dag1, task_id=check_transaction_data_integrity, execution_date=20211001T001500, start_date=20211003T063433, end_date=20211003T063441
[2021-10-03 06:34:41,912] {local_task_job.py:151} INFO - Task exited with return code 0
[2021-10-03 06:34:42,479] {local_task_job.py:261} INFO - 1 downstream tasks scheduled from follow-on schedule check
