[2021-10-03 06:35:29,968] {taskinstance.py:903} INFO - Dependencies all met for <TaskInstance: dag1.check_transaction_data_integrity 2021-10-01T00:22:00+00:00 [queued]>
[2021-10-03 06:35:30,152] {taskinstance.py:903} INFO - Dependencies all met for <TaskInstance: dag1.check_transaction_data_integrity 2021-10-01T00:22:00+00:00 [queued]>
[2021-10-03 06:35:30,179] {taskinstance.py:1095} INFO - 
--------------------------------------------------------------------------------
[2021-10-03 06:35:30,181] {taskinstance.py:1096} INFO - Starting attempt 1 of 1
[2021-10-03 06:35:30,184] {taskinstance.py:1097} INFO - 
--------------------------------------------------------------------------------
[2021-10-03 06:35:30,452] {taskinstance.py:1115} INFO - Executing <Task(PythonOperator): check_transaction_data_integrity> on 2021-10-01T00:22:00+00:00
[2021-10-03 06:35:31,801] {standard_task_runner.py:76} INFO - Running: ['***', 'tasks', 'run', 'dag1', 'check_transaction_data_integrity', '2021-10-01T00:22:00+00:00', '--job-id', '47', '--pool', 'default_pool', '--raw', '--subdir', 'DAGS_FOLDER/upload_file_to_staging.py', '--cfg-path', '/tmp/tmp08iy9kf2', '--error-file', '/tmp/tmphombfwpq']
[2021-10-03 06:35:31,842] {standard_task_runner.py:77} INFO - Job 47: Subtask check_transaction_data_integrity
[2021-10-03 06:35:30,734] {standard_task_runner.py:52} INFO - Started process 818 to run task
[2021-10-03 06:35:33,663] {logging_mixin.py:109} INFO - Running <TaskInstance: dag1.check_transaction_data_integrity 2021-10-01T00:22:00+00:00 [running]> on host 405455ff482b
[2021-10-03 06:35:34,845] {taskinstance.py:1254} INFO - Exporting the following env vars:
AIRFLOW_CTX_DAG_EMAIL=mrk.jse@gmail.com
AIRFLOW_CTX_DAG_OWNER=***
AIRFLOW_CTX_DAG_ID=dag1
AIRFLOW_CTX_TASK_ID=check_transaction_data_integrity
AIRFLOW_CTX_EXECUTION_DATE=2021-10-01T00:22:00+00:00
AIRFLOW_CTX_DAG_RUN_ID=scheduled__2021-10-01T00:22:00+00:00
[2021-10-03 06:35:35,254] {python.py:151} INFO - Done. Returned value was: True
[2021-10-03 06:35:36,009] {taskinstance.py:1219} INFO - Marking task as SUCCESS. dag_id=dag1, task_id=check_transaction_data_integrity, execution_date=20211001T002200, start_date=20211003T063530, end_date=20211003T063536
[2021-10-03 06:35:39,398] {local_task_job.py:151} INFO - Task exited with return code 0
[2021-10-03 06:35:40,320] {local_task_job.py:261} INFO - 0 downstream tasks scheduled from follow-on schedule check
