[2021-10-03 06:59:32,550] {taskinstance.py:903} INFO - Dependencies all met for <TaskInstance: dag2.check_staging_data_integrity 2021-10-03T06:59:30.580887+00:00 [queued]>
[2021-10-03 06:59:32,571] {taskinstance.py:903} INFO - Dependencies all met for <TaskInstance: dag2.check_staging_data_integrity 2021-10-03T06:59:30.580887+00:00 [queued]>
[2021-10-03 06:59:32,573] {taskinstance.py:1095} INFO - 
--------------------------------------------------------------------------------
[2021-10-03 06:59:32,576] {taskinstance.py:1096} INFO - Starting attempt 1 of 1
[2021-10-03 06:59:32,578] {taskinstance.py:1097} INFO - 
--------------------------------------------------------------------------------
[2021-10-03 06:59:32,611] {taskinstance.py:1115} INFO - Executing <Task(PythonOperator): check_staging_data_integrity> on 2021-10-03T06:59:30.580887+00:00
[2021-10-03 06:59:32,624] {standard_task_runner.py:52} INFO - Started process 2091 to run task
[2021-10-03 06:59:32,636] {standard_task_runner.py:76} INFO - Running: ['***', 'tasks', 'run', 'dag2', 'check_staging_data_integrity', '2021-10-03T06:59:30.580887+00:00', '--job-id', '71', '--pool', 'default_pool', '--raw', '--subdir', 'DAGS_FOLDER/historical_restate.py', '--cfg-path', '/tmp/tmp3uskm1ih', '--error-file', '/tmp/tmp831kc0_0']
[2021-10-03 06:59:32,645] {standard_task_runner.py:77} INFO - Job 71: Subtask check_staging_data_integrity
[2021-10-03 06:59:32,785] {logging_mixin.py:109} INFO - Running <TaskInstance: dag2.check_staging_data_integrity 2021-10-03T06:59:30.580887+00:00 [running]> on host 405455ff482b
[2021-10-03 06:59:32,883] {taskinstance.py:1254} INFO - Exporting the following env vars:
AIRFLOW_CTX_DAG_EMAIL=mrk.jse@gmail.com
AIRFLOW_CTX_DAG_OWNER=***
AIRFLOW_CTX_DAG_ID=dag2
AIRFLOW_CTX_TASK_ID=check_staging_data_integrity
AIRFLOW_CTX_EXECUTION_DATE=2021-10-03T06:59:30.580887+00:00
AIRFLOW_CTX_DAG_RUN_ID=manual__2021-10-03T06:59:30.580887+00:00
[2021-10-03 06:59:32,908] {python.py:151} INFO - Done. Returned value was: True
[2021-10-03 06:59:33,068] {taskinstance.py:1219} INFO - Marking task as SUCCESS. dag_id=dag2, task_id=check_staging_data_integrity, execution_date=20211003T065930, start_date=20211003T065932, end_date=20211003T065933
[2021-10-03 06:59:33,255] {local_task_job.py:151} INFO - Task exited with return code 0
[2021-10-03 06:59:33,347] {local_task_job.py:261} INFO - 1 downstream tasks scheduled from follow-on schedule check
