[2021-10-03 06:35:20,590] {taskinstance.py:903} INFO - Dependencies all met for <TaskInstance: dag1.check_transaction_data_integrity 2021-10-01T00:19:00+00:00 [queued]>
[2021-10-03 06:35:20,844] {taskinstance.py:903} INFO - Dependencies all met for <TaskInstance: dag1.check_transaction_data_integrity 2021-10-01T00:19:00+00:00 [queued]>
[2021-10-03 06:35:20,852] {taskinstance.py:1095} INFO - 
--------------------------------------------------------------------------------
[2021-10-03 06:35:20,856] {taskinstance.py:1096} INFO - Starting attempt 1 of 1
[2021-10-03 06:35:20,867] {taskinstance.py:1097} INFO - 
--------------------------------------------------------------------------------
[2021-10-03 06:35:21,201] {taskinstance.py:1115} INFO - Executing <Task(PythonOperator): check_transaction_data_integrity> on 2021-10-01T00:19:00+00:00
[2021-10-03 06:35:22,060] {standard_task_runner.py:76} INFO - Running: ['***', 'tasks', 'run', 'dag1', 'check_transaction_data_integrity', '2021-10-01T00:19:00+00:00', '--job-id', '40', '--pool', 'default_pool', '--raw', '--subdir', 'DAGS_FOLDER/upload_file_to_staging.py', '--cfg-path', '/tmp/tmpdt2kdalu', '--error-file', '/tmp/tmp022d03r_']
[2021-10-03 06:35:22,183] {standard_task_runner.py:77} INFO - Job 40: Subtask check_transaction_data_integrity
[2021-10-03 06:35:21,402] {standard_task_runner.py:52} INFO - Started process 809 to run task
[2021-10-03 06:35:24,950] {logging_mixin.py:109} INFO - Running <TaskInstance: dag1.check_transaction_data_integrity 2021-10-01T00:19:00+00:00 [running]> on host 405455ff482b
[2021-10-03 06:35:26,471] {taskinstance.py:1254} INFO - Exporting the following env vars:
AIRFLOW_CTX_DAG_EMAIL=mrk.jse@gmail.com
AIRFLOW_CTX_DAG_OWNER=***
AIRFLOW_CTX_DAG_ID=dag1
AIRFLOW_CTX_TASK_ID=check_transaction_data_integrity
AIRFLOW_CTX_EXECUTION_DATE=2021-10-01T00:19:00+00:00
AIRFLOW_CTX_DAG_RUN_ID=scheduled__2021-10-01T00:19:00+00:00
[2021-10-03 06:35:26,647] {python.py:151} INFO - Done. Returned value was: True
[2021-10-03 06:35:27,037] {taskinstance.py:1219} INFO - Marking task as SUCCESS. dag_id=dag1, task_id=check_transaction_data_integrity, execution_date=20211001T001900, start_date=20211003T063520, end_date=20211003T063527
[2021-10-03 06:35:27,623] {local_task_job.py:151} INFO - Task exited with return code 0
[2021-10-03 06:35:28,246] {local_task_job.py:261} INFO - 1 downstream tasks scheduled from follow-on schedule check
