[2021-10-03 07:10:20,613] {taskinstance.py:903} INFO - Dependencies all met for <TaskInstance: dag2.update_hive_tables_with_partition_9 2021-10-03T07:10:04.678141+00:00 [queued]>
[2021-10-03 07:10:20,970] {taskinstance.py:903} INFO - Dependencies all met for <TaskInstance: dag2.update_hive_tables_with_partition_9 2021-10-03T07:10:04.678141+00:00 [queued]>
[2021-10-03 07:10:20,974] {taskinstance.py:1095} INFO - 
--------------------------------------------------------------------------------
[2021-10-03 07:10:20,982] {taskinstance.py:1096} INFO - Starting attempt 1 of 1
[2021-10-03 07:10:20,988] {taskinstance.py:1097} INFO - 
--------------------------------------------------------------------------------
[2021-10-03 07:10:21,317] {taskinstance.py:1115} INFO - Executing <Task(BashOperator): update_hive_tables_with_partition_9> on 2021-10-03T07:10:04.678141+00:00
[2021-10-03 07:10:21,406] {standard_task_runner.py:52} INFO - Started process 2656 to run task
[2021-10-03 07:10:21,516] {standard_task_runner.py:76} INFO - Running: ['***', 'tasks', 'run', 'dag2', 'update_hive_tables_with_partition_9', '2021-10-03T07:10:04.678141+00:00', '--job-id', '77', '--pool', 'default_pool', '--raw', '--subdir', 'DAGS_FOLDER/historical_restate.py', '--cfg-path', '/tmp/tmpy2hfwy_g', '--error-file', '/tmp/tmpy0jmbyqh']
[2021-10-03 07:10:21,541] {standard_task_runner.py:77} INFO - Job 77: Subtask update_hive_tables_with_partition_9
[2021-10-03 07:10:22,224] {logging_mixin.py:109} INFO - Running <TaskInstance: dag2.update_hive_tables_with_partition_9 2021-10-03T07:10:04.678141+00:00 [running]> on host 405455ff482b
[2021-10-03 07:10:23,606] {taskinstance.py:1254} INFO - Exporting the following env vars:
AIRFLOW_CTX_DAG_EMAIL=mrk.jse@gmail.com
AIRFLOW_CTX_DAG_OWNER=***
AIRFLOW_CTX_DAG_ID=dag2
AIRFLOW_CTX_TASK_ID=update_hive_tables_with_partition_9
AIRFLOW_CTX_EXECUTION_DATE=2021-10-03T07:10:04.678141+00:00
AIRFLOW_CTX_DAG_RUN_ID=manual__2021-10-03T07:10:04.678141+00:00
[2021-10-03 07:10:23,614] {subprocess.py:52} INFO - Tmp dir root location: 
 /tmp
[2021-10-03 07:10:23,633] {subprocess.py:63} INFO - Running command: ['bash', '-c', 'echo "Uploading transactions_9.csv..."']
[2021-10-03 07:10:23,869] {subprocess.py:74} INFO - Output:
[2021-10-03 07:10:23,927] {subprocess.py:78} INFO - Uploading transactions_9.csv...
[2021-10-03 07:10:23,929] {subprocess.py:82} INFO - Command exited with return code 0
[2021-10-03 07:10:24,300] {taskinstance.py:1219} INFO - Marking task as SUCCESS. dag_id=dag2, task_id=update_hive_tables_with_partition_9, execution_date=20211003T071004, start_date=20211003T071020, end_date=20211003T071024
[2021-10-03 07:10:24,709] {local_task_job.py:151} INFO - Task exited with return code 0
[2021-10-03 07:10:24,984] {local_task_job.py:261} INFO - 0 downstream tasks scheduled from follow-on schedule check
