[2021-10-03 07:10:23,919] {taskinstance.py:903} INFO - Dependencies all met for <TaskInstance: dag2.update_hive_tables_with_partition_1 2021-10-03T07:10:04.678141+00:00 [queued]>
[2021-10-03 07:10:24,134] {taskinstance.py:903} INFO - Dependencies all met for <TaskInstance: dag2.update_hive_tables_with_partition_1 2021-10-03T07:10:04.678141+00:00 [queued]>
[2021-10-03 07:10:24,152] {taskinstance.py:1095} INFO - 
--------------------------------------------------------------------------------
[2021-10-03 07:10:24,154] {taskinstance.py:1096} INFO - Starting attempt 1 of 1
[2021-10-03 07:10:24,165] {taskinstance.py:1097} INFO - 
--------------------------------------------------------------------------------
[2021-10-03 07:10:24,385] {taskinstance.py:1115} INFO - Executing <Task(BashOperator): update_hive_tables_with_partition_1> on 2021-10-03T07:10:04.678141+00:00
[2021-10-03 07:10:24,575] {standard_task_runner.py:76} INFO - Running: ['***', 'tasks', 'run', 'dag2', 'update_hive_tables_with_partition_1', '2021-10-03T07:10:04.678141+00:00', '--job-id', '85', '--pool', 'default_pool', '--raw', '--subdir', 'DAGS_FOLDER/historical_restate.py', '--cfg-path', '/tmp/tmpg1bucoz8', '--error-file', '/tmp/tmpdmnhkpdx']
[2021-10-03 07:10:24,612] {standard_task_runner.py:77} INFO - Job 85: Subtask update_hive_tables_with_partition_1
[2021-10-03 07:10:24,483] {standard_task_runner.py:52} INFO - Started process 2667 to run task
[2021-10-03 07:10:25,090] {logging_mixin.py:109} INFO - Running <TaskInstance: dag2.update_hive_tables_with_partition_1 2021-10-03T07:10:04.678141+00:00 [running]> on host 405455ff482b
[2021-10-03 07:10:26,112] {taskinstance.py:1254} INFO - Exporting the following env vars:
AIRFLOW_CTX_DAG_EMAIL=mrk.jse@gmail.com
AIRFLOW_CTX_DAG_OWNER=***
AIRFLOW_CTX_DAG_ID=dag2
AIRFLOW_CTX_TASK_ID=update_hive_tables_with_partition_1
AIRFLOW_CTX_EXECUTION_DATE=2021-10-03T07:10:04.678141+00:00
AIRFLOW_CTX_DAG_RUN_ID=manual__2021-10-03T07:10:04.678141+00:00
[2021-10-03 07:10:26,123] {subprocess.py:52} INFO - Tmp dir root location: 
 /tmp
[2021-10-03 07:10:26,139] {subprocess.py:63} INFO - Running command: ['bash', '-c', 'echo "Uploading transactions_1.csv..."']
[2021-10-03 07:10:26,388] {subprocess.py:74} INFO - Output:
[2021-10-03 07:10:26,429] {subprocess.py:78} INFO - Uploading transactions_1.csv...
[2021-10-03 07:10:26,435] {subprocess.py:82} INFO - Command exited with return code 0
[2021-10-03 07:10:26,599] {taskinstance.py:1219} INFO - Marking task as SUCCESS. dag_id=dag2, task_id=update_hive_tables_with_partition_1, execution_date=20211003T071004, start_date=20211003T071023, end_date=20211003T071026
[2021-10-03 07:10:26,716] {local_task_job.py:151} INFO - Task exited with return code 0
[2021-10-03 07:10:26,928] {local_task_job.py:261} INFO - 0 downstream tasks scheduled from follow-on schedule check
