[2021-10-03 06:39:32,672] {taskinstance.py:903} INFO - Dependencies all met for <TaskInstance: dag1.determine_integrity 2021-10-03T06:39:28.166559+00:00 [queued]>
[2021-10-03 06:39:32,693] {taskinstance.py:903} INFO - Dependencies all met for <TaskInstance: dag1.determine_integrity 2021-10-03T06:39:28.166559+00:00 [queued]>
[2021-10-03 06:39:32,695] {taskinstance.py:1095} INFO - 
--------------------------------------------------------------------------------
[2021-10-03 06:39:32,698] {taskinstance.py:1096} INFO - Starting attempt 1 of 1
[2021-10-03 06:39:32,699] {taskinstance.py:1097} INFO - 
--------------------------------------------------------------------------------
[2021-10-03 06:39:32,720] {taskinstance.py:1115} INFO - Executing <Task(BranchPythonOperator): determine_integrity> on 2021-10-03T06:39:28.166559+00:00
[2021-10-03 06:39:32,732] {standard_task_runner.py:52} INFO - Started process 1024 to run task
[2021-10-03 06:39:32,773] {standard_task_runner.py:76} INFO - Running: ['***', 'tasks', 'run', 'dag1', 'determine_integrity', '2021-10-03T06:39:28.166559+00:00', '--job-id', '57', '--pool', 'default_pool', '--raw', '--subdir', 'DAGS_FOLDER/upload_file_to_staging.py', '--cfg-path', '/tmp/tmp0gp_t1ki', '--error-file', '/tmp/tmpfkaok2qc']
[2021-10-03 06:39:32,788] {standard_task_runner.py:77} INFO - Job 57: Subtask determine_integrity
[2021-10-03 06:39:32,895] {logging_mixin.py:109} INFO - Running <TaskInstance: dag1.determine_integrity 2021-10-03T06:39:28.166559+00:00 [running]> on host 405455ff482b
[2021-10-03 06:39:33,169] {taskinstance.py:1254} INFO - Exporting the following env vars:
AIRFLOW_CTX_DAG_EMAIL=mrk.jse@gmail.com
AIRFLOW_CTX_DAG_OWNER=***
AIRFLOW_CTX_DAG_ID=dag1
AIRFLOW_CTX_TASK_ID=determine_integrity
AIRFLOW_CTX_EXECUTION_DATE=2021-10-03T06:39:28.166559+00:00
AIRFLOW_CTX_DAG_RUN_ID=manual__2021-10-03T06:39:28.166559+00:00
[2021-10-03 06:39:33,289] {logging_mixin.py:109} INFO - Partition size: 10
[2021-10-03 06:39:33,292] {python.py:151} INFO - Done. Returned value was: partition_transaction_files
[2021-10-03 06:39:33,296] {skipmixin.py:124} INFO - Following branch partition_transaction_files
[2021-10-03 06:39:33,368] {skipmixin.py:155} INFO - Skipping tasks ['notify_data_integrity_issue']
[2021-10-03 06:39:33,526] {taskinstance.py:1219} INFO - Marking task as SUCCESS. dag_id=dag1, task_id=determine_integrity, execution_date=20211003T063928, start_date=20211003T063932, end_date=20211003T063933
[2021-10-03 06:39:33,593] {local_task_job.py:151} INFO - Task exited with return code 0
[2021-10-03 06:39:33,767] {local_task_job.py:261} INFO - 0 downstream tasks scheduled from follow-on schedule check
