[2021-10-03 06:34:15,975] {taskinstance.py:903} INFO - Dependencies all met for <TaskInstance: dag1.check_transaction_data_integrity 2021-10-01T00:09:00+00:00 [queued]>
[2021-10-03 06:34:16,265] {taskinstance.py:903} INFO - Dependencies all met for <TaskInstance: dag1.check_transaction_data_integrity 2021-10-01T00:09:00+00:00 [queued]>
[2021-10-03 06:34:16,277] {taskinstance.py:1095} INFO - 
--------------------------------------------------------------------------------
[2021-10-03 06:34:16,281] {taskinstance.py:1096} INFO - Starting attempt 1 of 1
[2021-10-03 06:34:16,282] {taskinstance.py:1097} INFO - 
--------------------------------------------------------------------------------
[2021-10-03 06:34:16,393] {taskinstance.py:1115} INFO - Executing <Task(PythonOperator): check_transaction_data_integrity> on 2021-10-01T00:09:00+00:00
[2021-10-03 06:34:16,517] {standard_task_runner.py:76} INFO - Running: ['***', 'tasks', 'run', 'dag1', 'check_transaction_data_integrity', '2021-10-01T00:09:00+00:00', '--job-id', '18', '--pool', 'default_pool', '--raw', '--subdir', 'DAGS_FOLDER/upload_file_to_staging.py', '--cfg-path', '/tmp/tmpepo9wsjt', '--error-file', '/tmp/tmpcimzl3s1']
[2021-10-03 06:34:16,459] {standard_task_runner.py:52} INFO - Started process 730 to run task
[2021-10-03 06:34:16,535] {standard_task_runner.py:77} INFO - Job 18: Subtask check_transaction_data_integrity
[2021-10-03 06:34:18,996] {logging_mixin.py:109} INFO - Running <TaskInstance: dag1.check_transaction_data_integrity 2021-10-01T00:09:00+00:00 [running]> on host 405455ff482b
[2021-10-03 06:34:22,263] {taskinstance.py:1254} INFO - Exporting the following env vars:
AIRFLOW_CTX_DAG_EMAIL=mrk.jse@gmail.com
AIRFLOW_CTX_DAG_OWNER=***
AIRFLOW_CTX_DAG_ID=dag1
AIRFLOW_CTX_TASK_ID=check_transaction_data_integrity
AIRFLOW_CTX_EXECUTION_DATE=2021-10-01T00:09:00+00:00
AIRFLOW_CTX_DAG_RUN_ID=scheduled__2021-10-01T00:09:00+00:00
[2021-10-03 06:34:23,072] {python.py:151} INFO - Done. Returned value was: True
[2021-10-03 06:34:23,805] {taskinstance.py:1219} INFO - Marking task as SUCCESS. dag_id=dag1, task_id=check_transaction_data_integrity, execution_date=20211001T000900, start_date=20211003T063416, end_date=20211003T063423
[2021-10-03 06:34:24,593] {local_task_job.py:151} INFO - Task exited with return code 0
[2021-10-03 06:34:26,053] {local_task_job.py:261} INFO - 0 downstream tasks scheduled from follow-on schedule check
