[2021-10-03 06:39:46,823] {taskinstance.py:903} INFO - Dependencies all met for <TaskInstance: dag1.upload_file_to_hdfs_0 2021-10-03T06:39:28.166559+00:00 [queued]>
[2021-10-03 06:39:47,363] {taskinstance.py:903} INFO - Dependencies all met for <TaskInstance: dag1.upload_file_to_hdfs_0 2021-10-03T06:39:28.166559+00:00 [queued]>
[2021-10-03 06:39:47,370] {taskinstance.py:1095} INFO - 
--------------------------------------------------------------------------------
[2021-10-03 06:39:47,379] {taskinstance.py:1096} INFO - Starting attempt 1 of 1
[2021-10-03 06:39:47,385] {taskinstance.py:1097} INFO - 
--------------------------------------------------------------------------------
[2021-10-03 06:39:48,015] {taskinstance.py:1115} INFO - Executing <Task(BashOperator): upload_file_to_hdfs_0> on 2021-10-03T06:39:28.166559+00:00
[2021-10-03 06:39:48,076] {standard_task_runner.py:52} INFO - Started process 1053 to run task
[2021-10-03 06:39:48,319] {standard_task_runner.py:76} INFO - Running: ['***', 'tasks', 'run', 'dag1', 'upload_file_to_hdfs_0', '2021-10-03T06:39:28.166559+00:00', '--job-id', '63', '--pool', 'default_pool', '--raw', '--subdir', 'DAGS_FOLDER/upload_file_to_staging.py', '--cfg-path', '/tmp/tmp_srkxph5', '--error-file', '/tmp/tmp1_4i3_5l']
[2021-10-03 06:39:48,378] {standard_task_runner.py:77} INFO - Job 63: Subtask upload_file_to_hdfs_0
[2021-10-03 06:39:49,635] {logging_mixin.py:109} INFO - Running <TaskInstance: dag1.upload_file_to_hdfs_0 2021-10-03T06:39:28.166559+00:00 [running]> on host 405455ff482b
[2021-10-03 06:39:51,127] {taskinstance.py:1254} INFO - Exporting the following env vars:
AIRFLOW_CTX_DAG_EMAIL=mrk.jse@gmail.com
AIRFLOW_CTX_DAG_OWNER=***
AIRFLOW_CTX_DAG_ID=dag1
AIRFLOW_CTX_TASK_ID=upload_file_to_hdfs_0
AIRFLOW_CTX_EXECUTION_DATE=2021-10-03T06:39:28.166559+00:00
AIRFLOW_CTX_DAG_RUN_ID=manual__2021-10-03T06:39:28.166559+00:00
[2021-10-03 06:39:51,143] {subprocess.py:52} INFO - Tmp dir root location: 
 /tmp
[2021-10-03 06:39:51,192] {subprocess.py:63} INFO - Running command: ['bash', '-c', 'echo "Uploading transactions_0.csv..."']
[2021-10-03 06:39:51,541] {subprocess.py:74} INFO - Output:
[2021-10-03 06:39:51,559] {subprocess.py:78} INFO - Uploading transactions_0.csv...
[2021-10-03 06:39:51,588] {subprocess.py:82} INFO - Command exited with return code 0
[2021-10-03 06:39:51,921] {taskinstance.py:1219} INFO - Marking task as SUCCESS. dag_id=dag1, task_id=upload_file_to_hdfs_0, execution_date=20211003T063928, start_date=20211003T063946, end_date=20211003T063951
[2021-10-03 06:39:52,203] {local_task_job.py:151} INFO - Task exited with return code 0
[2021-10-03 06:39:52,459] {local_task_job.py:261} INFO - 0 downstream tasks scheduled from follow-on schedule check
