[2021-10-03 06:39:30,914] {taskinstance.py:903} INFO - Dependencies all met for <TaskInstance: dag1.check_transaction_data_integrity 2021-10-03T06:39:28.166559+00:00 [queued]>
[2021-10-03 06:39:30,929] {taskinstance.py:903} INFO - Dependencies all met for <TaskInstance: dag1.check_transaction_data_integrity 2021-10-03T06:39:28.166559+00:00 [queued]>
[2021-10-03 06:39:30,930] {taskinstance.py:1095} INFO - 
--------------------------------------------------------------------------------
[2021-10-03 06:39:30,932] {taskinstance.py:1096} INFO - Starting attempt 1 of 1
[2021-10-03 06:39:30,933] {taskinstance.py:1097} INFO - 
--------------------------------------------------------------------------------
[2021-10-03 06:39:30,955] {taskinstance.py:1115} INFO - Executing <Task(PythonOperator): check_transaction_data_integrity> on 2021-10-03T06:39:28.166559+00:00
[2021-10-03 06:39:30,964] {standard_task_runner.py:52} INFO - Started process 1022 to run task
[2021-10-03 06:39:30,972] {standard_task_runner.py:76} INFO - Running: ['***', 'tasks', 'run', 'dag1', 'check_transaction_data_integrity', '2021-10-03T06:39:28.166559+00:00', '--job-id', '56', '--pool', 'default_pool', '--raw', '--subdir', 'DAGS_FOLDER/upload_file_to_staging.py', '--cfg-path', '/tmp/tmpf_ggkcmq', '--error-file', '/tmp/tmp2rg7fgls']
[2021-10-03 06:39:30,974] {standard_task_runner.py:77} INFO - Job 56: Subtask check_transaction_data_integrity
[2021-10-03 06:39:31,046] {logging_mixin.py:109} INFO - Running <TaskInstance: dag1.check_transaction_data_integrity 2021-10-03T06:39:28.166559+00:00 [running]> on host 405455ff482b
[2021-10-03 06:39:31,121] {taskinstance.py:1254} INFO - Exporting the following env vars:
AIRFLOW_CTX_DAG_EMAIL=mrk.jse@gmail.com
AIRFLOW_CTX_DAG_OWNER=***
AIRFLOW_CTX_DAG_ID=dag1
AIRFLOW_CTX_TASK_ID=check_transaction_data_integrity
AIRFLOW_CTX_EXECUTION_DATE=2021-10-03T06:39:28.166559+00:00
AIRFLOW_CTX_DAG_RUN_ID=manual__2021-10-03T06:39:28.166559+00:00
[2021-10-03 06:39:31,147] {python.py:151} INFO - Done. Returned value was: True
[2021-10-03 06:39:31,183] {taskinstance.py:1219} INFO - Marking task as SUCCESS. dag_id=dag1, task_id=check_transaction_data_integrity, execution_date=20211003T063928, start_date=20211003T063930, end_date=20211003T063931
[2021-10-03 06:39:31,231] {local_task_job.py:151} INFO - Task exited with return code 0
[2021-10-03 06:39:31,476] {local_task_job.py:261} INFO - 1 downstream tasks scheduled from follow-on schedule check
