[2021-10-03 06:39:49,263] {taskinstance.py:903} INFO - Dependencies all met for <TaskInstance: dag1.upload_file_to_hdfs_9 2021-10-03T06:39:28.166559+00:00 [queued]>
[2021-10-03 06:39:49,489] {taskinstance.py:903} INFO - Dependencies all met for <TaskInstance: dag1.upload_file_to_hdfs_9 2021-10-03T06:39:28.166559+00:00 [queued]>
[2021-10-03 06:39:49,590] {taskinstance.py:1095} INFO - 
--------------------------------------------------------------------------------
[2021-10-03 06:39:49,592] {taskinstance.py:1096} INFO - Starting attempt 1 of 1
[2021-10-03 06:39:49,595] {taskinstance.py:1097} INFO - 
--------------------------------------------------------------------------------
[2021-10-03 06:39:49,841] {taskinstance.py:1115} INFO - Executing <Task(BashOperator): upload_file_to_hdfs_9> on 2021-10-03T06:39:28.166559+00:00
[2021-10-03 06:39:50,173] {standard_task_runner.py:76} INFO - Running: ['***', 'tasks', 'run', 'dag1', 'upload_file_to_hdfs_9', '2021-10-03T06:39:28.166559+00:00', '--job-id', '66', '--pool', 'default_pool', '--raw', '--subdir', 'DAGS_FOLDER/upload_file_to_staging.py', '--cfg-path', '/tmp/tmp7upn3hge', '--error-file', '/tmp/tmpc976y2kh']
[2021-10-03 06:39:50,180] {standard_task_runner.py:77} INFO - Job 66: Subtask upload_file_to_hdfs_9
[2021-10-03 06:39:50,020] {standard_task_runner.py:52} INFO - Started process 1057 to run task
[2021-10-03 06:39:51,247] {logging_mixin.py:109} INFO - Running <TaskInstance: dag1.upload_file_to_hdfs_9 2021-10-03T06:39:28.166559+00:00 [running]> on host 405455ff482b
[2021-10-03 06:39:52,271] {taskinstance.py:1254} INFO - Exporting the following env vars:
AIRFLOW_CTX_DAG_EMAIL=mrk.jse@gmail.com
AIRFLOW_CTX_DAG_OWNER=***
AIRFLOW_CTX_DAG_ID=dag1
AIRFLOW_CTX_TASK_ID=upload_file_to_hdfs_9
AIRFLOW_CTX_EXECUTION_DATE=2021-10-03T06:39:28.166559+00:00
AIRFLOW_CTX_DAG_RUN_ID=manual__2021-10-03T06:39:28.166559+00:00
[2021-10-03 06:39:52,303] {subprocess.py:52} INFO - Tmp dir root location: 
 /tmp
[2021-10-03 06:39:52,306] {subprocess.py:63} INFO - Running command: ['bash', '-c', 'echo "Uploading transactions_9.csv..."']
[2021-10-03 06:39:52,473] {subprocess.py:74} INFO - Output:
[2021-10-03 06:39:52,494] {subprocess.py:78} INFO - Uploading transactions_9.csv...
[2021-10-03 06:39:52,579] {subprocess.py:82} INFO - Command exited with return code 0
[2021-10-03 06:39:52,993] {taskinstance.py:1219} INFO - Marking task as SUCCESS. dag_id=dag1, task_id=upload_file_to_hdfs_9, execution_date=20211003T063928, start_date=20211003T063949, end_date=20211003T063952
[2021-10-03 06:39:53,249] {local_task_job.py:151} INFO - Task exited with return code 0
[2021-10-03 06:39:53,586] {local_task_job.py:261} INFO - 0 downstream tasks scheduled from follow-on schedule check
