[2021-10-03 06:33:42,746] {taskinstance.py:903} INFO - Dependencies all met for <TaskInstance: dag1.check_transaction_data_integrity 2021-10-03T06:30:57.607074+00:00 [queued]>
[2021-10-03 06:33:42,854] {taskinstance.py:903} INFO - Dependencies all met for <TaskInstance: dag1.check_transaction_data_integrity 2021-10-03T06:30:57.607074+00:00 [queued]>
[2021-10-03 06:33:42,859] {taskinstance.py:1095} INFO - 
--------------------------------------------------------------------------------
[2021-10-03 06:33:42,862] {taskinstance.py:1096} INFO - Starting attempt 1 of 1
[2021-10-03 06:33:42,864] {taskinstance.py:1097} INFO - 
--------------------------------------------------------------------------------
[2021-10-03 06:33:42,909] {taskinstance.py:1115} INFO - Executing <Task(PythonOperator): check_transaction_data_integrity> on 2021-10-03T06:30:57.607074+00:00
[2021-10-03 06:33:42,932] {standard_task_runner.py:52} INFO - Started process 680 to run task
[2021-10-03 06:33:43,248] {standard_task_runner.py:76} INFO - Running: ['***', 'tasks', 'run', 'dag1', 'check_transaction_data_integrity', '2021-10-03T06:30:57.607074+00:00', '--job-id', '2', '--pool', 'default_pool', '--raw', '--subdir', 'DAGS_FOLDER/upload_file_to_staging.py', '--cfg-path', '/tmp/tmpel2_fw4i', '--error-file', '/tmp/tmpuo7n01wa']
[2021-10-03 06:33:43,299] {standard_task_runner.py:77} INFO - Job 2: Subtask check_transaction_data_integrity
[2021-10-03 06:33:44,263] {logging_mixin.py:109} INFO - Running <TaskInstance: dag1.check_transaction_data_integrity 2021-10-03T06:30:57.607074+00:00 [running]> on host 405455ff482b
[2021-10-03 06:33:45,690] {taskinstance.py:1254} INFO - Exporting the following env vars:
AIRFLOW_CTX_DAG_EMAIL=mrk.jse@gmail.com
AIRFLOW_CTX_DAG_OWNER=***
AIRFLOW_CTX_DAG_ID=dag1
AIRFLOW_CTX_TASK_ID=check_transaction_data_integrity
AIRFLOW_CTX_EXECUTION_DATE=2021-10-03T06:30:57.607074+00:00
AIRFLOW_CTX_DAG_RUN_ID=manual__2021-10-03T06:30:57.607074+00:00
[2021-10-03 06:33:45,924] {python.py:151} INFO - Done. Returned value was: True
[2021-10-03 06:33:46,152] {taskinstance.py:1219} INFO - Marking task as SUCCESS. dag_id=dag1, task_id=check_transaction_data_integrity, execution_date=20211003T063057, start_date=20211003T063342, end_date=20211003T063346
[2021-10-03 06:33:46,368] {local_task_job.py:151} INFO - Task exited with return code 0
[2021-10-03 06:33:47,271] {local_task_job.py:261} INFO - 0 downstream tasks scheduled from follow-on schedule check
