[2021-10-03 06:58:50,848] {taskinstance.py:903} INFO - Dependencies all met for <TaskInstance: dag3.check_staging_data_integrity 2021-10-02T00:30:00+00:00 [queued]>
[2021-10-03 06:58:50,915] {taskinstance.py:903} INFO - Dependencies all met for <TaskInstance: dag3.check_staging_data_integrity 2021-10-02T00:30:00+00:00 [queued]>
[2021-10-03 06:58:50,923] {taskinstance.py:1095} INFO - 
--------------------------------------------------------------------------------
[2021-10-03 06:58:50,932] {taskinstance.py:1096} INFO - Starting attempt 1 of 1
[2021-10-03 06:58:50,944] {taskinstance.py:1097} INFO - 
--------------------------------------------------------------------------------
[2021-10-03 06:58:51,005] {taskinstance.py:1115} INFO - Executing <Task(PythonOperator): check_staging_data_integrity> on 2021-10-02T00:30:00+00:00
[2021-10-03 06:58:51,015] {standard_task_runner.py:52} INFO - Started process 2057 to run task
[2021-10-03 06:58:51,048] {standard_task_runner.py:76} INFO - Running: ['***', 'tasks', 'run', 'dag3', 'check_staging_data_integrity', '2021-10-02T00:30:00+00:00', '--job-id', '69', '--pool', 'default_pool', '--raw', '--subdir', 'DAGS_FOLDER/daily_upload.py', '--cfg-path', '/tmp/tmp0pt93fji', '--error-file', '/tmp/tmpmg3mm34l']
[2021-10-03 06:58:51,057] {standard_task_runner.py:77} INFO - Job 69: Subtask check_staging_data_integrity
[2021-10-03 06:58:51,340] {logging_mixin.py:109} INFO - Running <TaskInstance: dag3.check_staging_data_integrity 2021-10-02T00:30:00+00:00 [running]> on host 405455ff482b
[2021-10-03 06:58:51,477] {taskinstance.py:1254} INFO - Exporting the following env vars:
AIRFLOW_CTX_DAG_EMAIL=mrk.jse@gmail.com
AIRFLOW_CTX_DAG_OWNER=***
AIRFLOW_CTX_DAG_ID=dag3
AIRFLOW_CTX_TASK_ID=check_staging_data_integrity
AIRFLOW_CTX_EXECUTION_DATE=2021-10-02T00:30:00+00:00
AIRFLOW_CTX_DAG_RUN_ID=scheduled__2021-10-02T00:30:00+00:00
[2021-10-03 06:58:51,517] {python.py:151} INFO - Done. Returned value was: True
[2021-10-03 06:58:51,583] {taskinstance.py:1219} INFO - Marking task as SUCCESS. dag_id=dag3, task_id=check_staging_data_integrity, execution_date=20211002T003000, start_date=20211003T065850, end_date=20211003T065851
[2021-10-03 06:58:51,696] {local_task_job.py:151} INFO - Task exited with return code 0
[2021-10-03 06:58:51,821] {local_task_job.py:261} INFO - 1 downstream tasks scheduled from follow-on schedule check
