[2021-10-03 06:34:07,435] {taskinstance.py:903} INFO - Dependencies all met for <TaskInstance: dag1.check_transaction_data_integrity 2021-10-01T00:08:00+00:00 [queued]>
[2021-10-03 06:34:07,782] {taskinstance.py:903} INFO - Dependencies all met for <TaskInstance: dag1.check_transaction_data_integrity 2021-10-01T00:08:00+00:00 [queued]>
[2021-10-03 06:34:07,793] {taskinstance.py:1095} INFO - 
--------------------------------------------------------------------------------
[2021-10-03 06:34:07,806] {taskinstance.py:1096} INFO - Starting attempt 1 of 1
[2021-10-03 06:34:07,818] {taskinstance.py:1097} INFO - 
--------------------------------------------------------------------------------
[2021-10-03 06:34:08,266] {taskinstance.py:1115} INFO - Executing <Task(PythonOperator): check_transaction_data_integrity> on 2021-10-01T00:08:00+00:00
[2021-10-03 06:34:08,614] {standard_task_runner.py:52} INFO - Started process 723 to run task
[2021-10-03 06:34:08,806] {standard_task_runner.py:76} INFO - Running: ['***', 'tasks', 'run', 'dag1', 'check_transaction_data_integrity', '2021-10-01T00:08:00+00:00', '--job-id', '14', '--pool', 'default_pool', '--raw', '--subdir', 'DAGS_FOLDER/upload_file_to_staging.py', '--cfg-path', '/tmp/tmp59ffua0c', '--error-file', '/tmp/tmpe_ge4085']
[2021-10-03 06:34:08,914] {standard_task_runner.py:77} INFO - Job 14: Subtask check_transaction_data_integrity
[2021-10-03 06:34:10,550] {logging_mixin.py:109} INFO - Running <TaskInstance: dag1.check_transaction_data_integrity 2021-10-01T00:08:00+00:00 [running]> on host 405455ff482b
[2021-10-03 06:34:13,259] {taskinstance.py:1254} INFO - Exporting the following env vars:
AIRFLOW_CTX_DAG_EMAIL=mrk.jse@gmail.com
AIRFLOW_CTX_DAG_OWNER=***
AIRFLOW_CTX_DAG_ID=dag1
AIRFLOW_CTX_TASK_ID=check_transaction_data_integrity
AIRFLOW_CTX_EXECUTION_DATE=2021-10-01T00:08:00+00:00
AIRFLOW_CTX_DAG_RUN_ID=scheduled__2021-10-01T00:08:00+00:00
[2021-10-03 06:34:13,560] {python.py:151} INFO - Done. Returned value was: True
[2021-10-03 06:34:14,414] {taskinstance.py:1219} INFO - Marking task as SUCCESS. dag_id=dag1, task_id=check_transaction_data_integrity, execution_date=20211001T000800, start_date=20211003T063407, end_date=20211003T063414
[2021-10-03 06:34:15,695] {local_task_job.py:151} INFO - Task exited with return code 0
[2021-10-03 06:34:16,114] {local_task_job.py:261} INFO - 0 downstream tasks scheduled from follow-on schedule check
