[2021-10-03 07:10:22,482] {taskinstance.py:903} INFO - Dependencies all met for <TaskInstance: dag2.update_hive_tables_with_partition_3 2021-10-03T07:10:04.678141+00:00 [queued]>
[2021-10-03 07:10:23,046] {taskinstance.py:903} INFO - Dependencies all met for <TaskInstance: dag2.update_hive_tables_with_partition_3 2021-10-03T07:10:04.678141+00:00 [queued]>
[2021-10-03 07:10:23,119] {taskinstance.py:1095} INFO - 
--------------------------------------------------------------------------------
[2021-10-03 07:10:23,126] {taskinstance.py:1096} INFO - Starting attempt 1 of 1
[2021-10-03 07:10:23,138] {taskinstance.py:1097} INFO - 
--------------------------------------------------------------------------------
[2021-10-03 07:10:23,625] {taskinstance.py:1115} INFO - Executing <Task(BashOperator): update_hive_tables_with_partition_3> on 2021-10-03T07:10:04.678141+00:00
[2021-10-03 07:10:23,726] {standard_task_runner.py:52} INFO - Started process 2662 to run task
[2021-10-03 07:10:23,819] {standard_task_runner.py:76} INFO - Running: ['***', 'tasks', 'run', 'dag2', 'update_hive_tables_with_partition_3', '2021-10-03T07:10:04.678141+00:00', '--job-id', '83', '--pool', 'default_pool', '--raw', '--subdir', 'DAGS_FOLDER/historical_restate.py', '--cfg-path', '/tmp/tmpaefrwta5', '--error-file', '/tmp/tmpogmhpq3x']
[2021-10-03 07:10:23,851] {standard_task_runner.py:77} INFO - Job 83: Subtask update_hive_tables_with_partition_3
[2021-10-03 07:10:24,666] {logging_mixin.py:109} INFO - Running <TaskInstance: dag2.update_hive_tables_with_partition_3 2021-10-03T07:10:04.678141+00:00 [running]> on host 405455ff482b
[2021-10-03 07:10:25,357] {taskinstance.py:1254} INFO - Exporting the following env vars:
AIRFLOW_CTX_DAG_EMAIL=mrk.jse@gmail.com
AIRFLOW_CTX_DAG_OWNER=***
AIRFLOW_CTX_DAG_ID=dag2
AIRFLOW_CTX_TASK_ID=update_hive_tables_with_partition_3
AIRFLOW_CTX_EXECUTION_DATE=2021-10-03T07:10:04.678141+00:00
AIRFLOW_CTX_DAG_RUN_ID=manual__2021-10-03T07:10:04.678141+00:00
[2021-10-03 07:10:25,371] {subprocess.py:52} INFO - Tmp dir root location: 
 /tmp
[2021-10-03 07:10:25,374] {subprocess.py:63} INFO - Running command: ['bash', '-c', 'echo "Uploading transactions_3.csv..."']
[2021-10-03 07:10:25,844] {subprocess.py:74} INFO - Output:
[2021-10-03 07:10:25,963] {subprocess.py:78} INFO - Uploading transactions_3.csv...
[2021-10-03 07:10:25,967] {subprocess.py:82} INFO - Command exited with return code 0
[2021-10-03 07:10:26,282] {taskinstance.py:1219} INFO - Marking task as SUCCESS. dag_id=dag2, task_id=update_hive_tables_with_partition_3, execution_date=20211003T071004, start_date=20211003T071022, end_date=20211003T071026
[2021-10-03 07:10:26,635] {local_task_job.py:151} INFO - Task exited with return code 0
[2021-10-03 07:10:26,821] {local_task_job.py:261} INFO - 0 downstream tasks scheduled from follow-on schedule check
