[2021-10-03 06:34:40,000] {taskinstance.py:903} INFO - Dependencies all met for <TaskInstance: dag1.check_transaction_data_integrity 2021-10-01T00:17:00+00:00 [queued]>
[2021-10-03 06:34:40,858] {taskinstance.py:903} INFO - Dependencies all met for <TaskInstance: dag1.check_transaction_data_integrity 2021-10-01T00:17:00+00:00 [queued]>
[2021-10-03 06:34:40,912] {taskinstance.py:1095} INFO - 
--------------------------------------------------------------------------------
[2021-10-03 06:34:40,978] {taskinstance.py:1096} INFO - Starting attempt 1 of 1
[2021-10-03 06:34:40,983] {taskinstance.py:1097} INFO - 
--------------------------------------------------------------------------------
[2021-10-03 06:34:41,513] {taskinstance.py:1115} INFO - Executing <Task(PythonOperator): check_transaction_data_integrity> on 2021-10-01T00:17:00+00:00
[2021-10-03 06:34:41,992] {standard_task_runner.py:76} INFO - Running: ['***', 'tasks', 'run', 'dag1', 'check_transaction_data_integrity', '2021-10-01T00:17:00+00:00', '--job-id', '31', '--pool', 'default_pool', '--raw', '--subdir', 'DAGS_FOLDER/upload_file_to_staging.py', '--cfg-path', '/tmp/tmpfr1ajtjt', '--error-file', '/tmp/tmpbkkk64ej']
[2021-10-03 06:34:42,052] {standard_task_runner.py:77} INFO - Job 31: Subtask check_transaction_data_integrity
[2021-10-03 06:34:41,694] {standard_task_runner.py:52} INFO - Started process 769 to run task
[2021-10-03 06:34:43,519] {logging_mixin.py:109} INFO - Running <TaskInstance: dag1.check_transaction_data_integrity 2021-10-01T00:17:00+00:00 [running]> on host 405455ff482b
[2021-10-03 06:34:47,785] {taskinstance.py:1254} INFO - Exporting the following env vars:
AIRFLOW_CTX_DAG_EMAIL=mrk.jse@gmail.com
AIRFLOW_CTX_DAG_OWNER=***
AIRFLOW_CTX_DAG_ID=dag1
AIRFLOW_CTX_TASK_ID=check_transaction_data_integrity
AIRFLOW_CTX_EXECUTION_DATE=2021-10-01T00:17:00+00:00
AIRFLOW_CTX_DAG_RUN_ID=scheduled__2021-10-01T00:17:00+00:00
[2021-10-03 06:34:48,299] {python.py:151} INFO - Done. Returned value was: True
[2021-10-03 06:34:49,394] {taskinstance.py:1219} INFO - Marking task as SUCCESS. dag_id=dag1, task_id=check_transaction_data_integrity, execution_date=20211001T001700, start_date=20211003T063440, end_date=20211003T063449
[2021-10-03 06:34:51,681] {local_task_job.py:151} INFO - Task exited with return code 0
[2021-10-03 06:34:52,863] {local_task_job.py:261} INFO - 1 downstream tasks scheduled from follow-on schedule check
