[2021-10-03 06:37:11,877] {taskinstance.py:903} INFO - Dependencies all met for <TaskInstance: dag1.check_transaction_data_integrity 2021-10-03T06:37:09.392410+00:00 [queued]>
[2021-10-03 06:37:11,899] {taskinstance.py:903} INFO - Dependencies all met for <TaskInstance: dag1.check_transaction_data_integrity 2021-10-03T06:37:09.392410+00:00 [queued]>
[2021-10-03 06:37:11,907] {taskinstance.py:1095} INFO - 
--------------------------------------------------------------------------------
[2021-10-03 06:37:11,908] {taskinstance.py:1096} INFO - Starting attempt 1 of 1
[2021-10-03 06:37:11,910] {taskinstance.py:1097} INFO - 
--------------------------------------------------------------------------------
[2021-10-03 06:37:11,929] {taskinstance.py:1115} INFO - Executing <Task(PythonOperator): check_transaction_data_integrity> on 2021-10-03T06:37:09.392410+00:00
[2021-10-03 06:37:11,943] {standard_task_runner.py:52} INFO - Started process 896 to run task
[2021-10-03 06:37:11,955] {standard_task_runner.py:76} INFO - Running: ['***', 'tasks', 'run', 'dag1', 'check_transaction_data_integrity', '2021-10-03T06:37:09.392410+00:00', '--job-id', '54', '--pool', 'default_pool', '--raw', '--subdir', 'DAGS_FOLDER/upload_file_to_staging.py', '--cfg-path', '/tmp/tmpngjuhn4r', '--error-file', '/tmp/tmp36piwtxc']
[2021-10-03 06:37:11,958] {standard_task_runner.py:77} INFO - Job 54: Subtask check_transaction_data_integrity
[2021-10-03 06:37:12,033] {logging_mixin.py:109} INFO - Running <TaskInstance: dag1.check_transaction_data_integrity 2021-10-03T06:37:09.392410+00:00 [running]> on host 405455ff482b
[2021-10-03 06:37:12,100] {taskinstance.py:1254} INFO - Exporting the following env vars:
AIRFLOW_CTX_DAG_EMAIL=mrk.jse@gmail.com
AIRFLOW_CTX_DAG_OWNER=***
AIRFLOW_CTX_DAG_ID=dag1
AIRFLOW_CTX_TASK_ID=check_transaction_data_integrity
AIRFLOW_CTX_EXECUTION_DATE=2021-10-03T06:37:09.392410+00:00
AIRFLOW_CTX_DAG_RUN_ID=manual__2021-10-03T06:37:09.392410+00:00
[2021-10-03 06:37:12,122] {python.py:151} INFO - Done. Returned value was: True
[2021-10-03 06:37:12,160] {taskinstance.py:1219} INFO - Marking task as SUCCESS. dag_id=dag1, task_id=check_transaction_data_integrity, execution_date=20211003T063709, start_date=20211003T063711, end_date=20211003T063712
[2021-10-03 06:37:12,238] {local_task_job.py:151} INFO - Task exited with return code 0
[2021-10-03 06:37:12,276] {local_task_job.py:261} INFO - 1 downstream tasks scheduled from follow-on schedule check
